[04:04:43] #A772 :: (2) :: Warning :: filemtime(): stat failed for D:/xampp/htdocs/ypCore2/apps/cache\560991b38ba799a3564cad6f1440b4f8ca9122f9.Home.php.php [D:\xampp\htdocs\ypCore2\ypCore\library\Smarty\sysplugins\smarty_internal_cacheresource_file.php (64)]
[04:05:46] #911F :: (2) :: Warning :: filemtime(): stat failed for D:/xampp/htdocs/ypCore2/apps/cache\560991b38ba799a3564cad6f1440b4f8ca9122f9.Home.php.php [D:\xampp\htdocs\ypCore2\ypCore\library\Smarty\sysplugins\smarty_internal_cacheresource_file.php (64)]
[04:07:30] #D88E :: (2) :: Warning :: filemtime(): stat failed for D:/xampp/htdocs/ypCore2/apps/cache\560991b38ba799a3564cad6f1440b4f8ca9122f9.Home.php.php [D:\xampp\htdocs\ypCore2\ypCore\library\Smarty\sysplugins\smarty_internal_cacheresource_file.php (64)]
[04:07:38] #ADC0 :: (2) :: Warning :: filemtime(): stat failed for D:/xampp/htdocs/ypCore2/apps/cache\560991b38ba799a3564cad6f1440b4f8ca9122f9.Home.php.php [D:\xampp\htdocs\ypCore2\ypCore\library\Smarty\sysplugins\smarty_internal_cacheresource_file.php (64)]
[04:07:41] #2219 :: (2) :: Warning :: filemtime(): stat failed for D:/xampp/htdocs/ypCore2/apps/cache\560991b38ba799a3564cad6f1440b4f8ca9122f9.Home.php.php [D:\xampp\htdocs\ypCore2\ypCore\library\Smarty\sysplugins\smarty_internal_cacheresource_file.php (64)]
[04:08:06] #F663 :: (2) :: Warning :: filemtime(): stat failed for D:/xampp/htdocs/ypCore2/apps/cache\93dafaee1f5c2c4241f97219801c5538da1157da.Menu.php.php [D:\xampp\htdocs\ypCore2\ypCore\library\Smarty\sysplugins\smarty_internal_cacheresource_file.php (64)]
[04:09:35] #6778 :: (2) :: Warning :: filemtime(): stat failed for D:/xampp/htdocs/ypCore2/apps/cache\93dafaee1f5c2c4241f97219801c5538da1157da.Menu.php.php [D:\xampp\htdocs\ypCore2\ypCore\library\Smarty\sysplugins\smarty_internal_cacheresource_file.php (64)]
[04:09:53] #6231 :: (2) :: Warning :: filemtime(): stat failed for D:/xampp/htdocs/ypCore2/cache_template\93dafaee1f5c2c4241f97219801c5538da1157da.Menu.php.php [D:\xampp\htdocs\ypCore2\ypCore\library\Smarty\sysplugins\smarty_internal_cacheresource_file.php (64)]
[04:10:27] #BA25 :: (2) :: Warning :: filemtime(): stat failed for D:/xampp/htdocs/ypCore2/cache_template\93dafaee1f5c2c4241f97219801c5538da1157da.Menu.php.php [D:\xampp\htdocs\ypCore2\ypCore\library\Smarty\sysplugins\smarty_internal_cacheresource_file.php (64)]
[04:10:30] #65CD :: (2) :: Warning :: filemtime(): stat failed for D:/xampp/htdocs/ypCore2/cache_template\93dafaee1f5c2c4241f97219801c5538da1157da.Menu.php.php [D:\xampp\htdocs\ypCore2\ypCore\library\Smarty\sysplugins\smarty_internal_cacheresource_file.php (64)]
[04:12:37] #DE4F :: (1024) :: Notice :: Cannot render view without any template being assigned or file does not exist [D:\xampp\htdocs\ypCore2\ypCore\class\smarty.php (88)]
[04:12:53] #CFCF :: (2) :: Warning :: filemtime(): stat failed for D:/xampp/htdocs/ypCore2/cache_template\21d069c849ab2c0b2fbede4a1489a66be8c91960.Header.php.php [D:\xampp\htdocs\ypCore2\ypCore\library\Smarty\sysplugins\smarty_internal_cacheresource_file.php (64)]
[04:15:43] #B71B :: (2) :: Warning :: filemtime(): stat failed for D:/xampp/htdocs/ypCore2/cache_template\21d069c849ab2c0b2fbede4a1489a66be8c91960.Header.php.php [D:\xampp\htdocs\ypCore2\ypCore\library\Smarty\sysplugins\smarty_internal_cacheresource_file.php (64)]
[04:16:05] #21E9 :: (2) :: Warning :: filemtime(): stat failed for D:/xampp/htdocs/ypCore2/cache_template\21d069c849ab2c0b2fbede4a1489a66be8c91960.Header.php.php [D:\xampp\htdocs\ypCore2\ypCore\library\Smarty\sysplugins\smarty_internal_cacheresource_file.php (64)]
[04:16:54] #FBCB :: (2) :: Warning :: filemtime(): stat failed for D:/xampp/htdocs/ypCore2/cache_template\21d069c849ab2c0b2fbede4a1489a66be8c91960.Header.php.php [D:\xampp\htdocs\ypCore2\ypCore\library\Smarty\sysplugins\smarty_internal_cacheresource_file.php (64)]
[04:27:11] #FC13 :: (2) :: Warning :: filemtime(): stat failed for D:/xampp/htdocs/ypCore2/cache_template\21d069c849ab2c0b2fbede4a1489a66be8c91960.Header.php.php [D:\xampp\htdocs\ypCore2\ypCore\library\Smarty\sysplugins\smarty_internal_cacheresource_file.php (64)]
[04:27:24] #6B70 :: (1024) :: Notice :: Cannot render view without any template being assigned or file does not exist [D:\xampp\htdocs\ypCore2\ypCore\class\smarty.php (88)]
[04:27:56] #0C73 :: (2) :: Warning :: filemtime(): stat failed for D:/xampp/htdocs/ypCore2/cache_template\560991b38ba799a3564cad6f1440b4f8ca9122f9.Home.php.php [D:\xampp\htdocs\ypCore2\ypCore\library\Smarty\sysplugins\smarty_internal_cacheresource_file.php (64)]
[04:28:27] #6D2A :: (2) :: Warning :: filemtime(): stat failed for D:/xampp/htdocs/ypCore2/cache_template\560991b38ba799a3564cad6f1440b4f8ca9122f9.Home.php.php [D:\xampp\htdocs\ypCore2\ypCore\library\Smarty\sysplugins\smarty_internal_cacheresource_file.php (64)]
[04:28:39] #7EF0 :: (2) :: Warning :: filemtime(): stat failed for D:/xampp/htdocs/ypCore2/cache_template\560991b38ba799a3564cad6f1440b4f8ca9122f9.Home.php.php [D:\xampp\htdocs\ypCore2\ypCore\library\Smarty\sysplugins\smarty_internal_cacheresource_file.php (64)]
[04:29:42] #D12E :: (2) :: Warning :: filemtime(): stat failed for D:/xampp/htdocs/ypCore2/compile_template\560991b38ba799a3564cad6f1440b4f8ca9122f9.file.Home.php.cache.php [D:\xampp\htdocs\ypCore2\ypCore\library\Smarty\sysplugins\smarty_resource.php (744)]
[04:30:25] #703D :: (2) :: Warning :: unlink(D:/xampp/htdocs/ypCore2/compile_template\560991b38ba799a3564cad6f1440b4f8ca9122f9.file.Home.php.cache.php): No such file or directory [D:\xampp\htdocs\ypCore2\ypCore\library\Smarty\sysplugins\smarty_internal_write_file.php (58)]
