[08:18:30] #F404 :: Error 404 :: /ypCore/index.php?code=Admin/Setting/Layouts - IP :: 0.0.0.0 - UserAgent :: [Mozilla/5.0 (Windows; U; Windows NT 5.1; en-US) AppleWebKit/534.13 (KHTML, like Gecko) Chrome/9.0.592.0 Safari/534.13]
[09:30:51] #F404 :: Error 404 :: /ypCore/index.php?code=Admin/Tools/Filemanager - IP :: 0.0.0.0 - UserAgent :: [Mozilla/5.0 (Windows; U; Windows NT 5.1; en-US) AppleWebKit/534.13 (KHTML, like Gecko) Chrome/9.0.592.0 Safari/534.13]
[11:34:40] #A77B :: (2) :: Warning :: call_user_func() expects parameter 1 to be a valid callback, class 'Controller_Admin_Module_News_Setting' does not have a method 'LeftMenu' [J:\home\localhost\www\ypCore\ypCore\engine\adminController.php (75)]
[11:59:37] #FC30 :: (2) :: Warning :: Missing argument 1 for ypController::setOutput(), called in J:\home\localhost\www\ypCore\apps\controller\News\Comment.php on line 9 and defined [J:\home\localhost\www\ypCore\ypCore\engine\controller.php (94)]
[05:03:22] #F404 :: Error 404 :: /ypCore/index.php?code=User/User&userid=1& - IP :: 0.0.0.0 - UserAgent :: [Mozilla/5.0 (Windows; U; Windows NT 5.1; en-US) AppleWebKit/534.13 (KHTML, like Gecko) Chrome/9.0.592.0 Safari/534.13]
[05:07:01] #4D57 :: (2) :: Warning :: Invalid argument supplied for foreach() [J:\home\localhost\www\ypCore\ypCore\engine\front.php (41)]
[05:13:09] #798A :: (2) :: Warning :: strpos() [<a href='function.strpos'>function.strpos</a>]: Empty delimiter [J:\home\localhost\www\ypCore\ypCore\engine\response.php (32)]
[05:28:59] #BD63 :: (8) :: Notice :: Undefined index: time [J:\home\localhost\www\ypCore\ypCore\class\database.php (74)]
[05:31:56] #6BD8 :: (8) :: Notice :: Undefined variable: _SESSION [J:\home\localhost\www\ypCore\ypCore\class\session.php (27)]
[05:32:26] #B2B3 :: (8) :: Notice :: Undefined variable: _SESSION [J:\home\localhost\www\ypCore\ypCore\class\session.php (27)]
[05:32:48] #774A :: (8) :: Notice :: Undefined variable: userName_cookie [J:\home\localhost\www\ypCore\ypCore\class\user.php (66)]
[05:35:10] #358D :: (8) :: Notice :: Undefined variable: userName_cookie [J:\home\localhost\www\ypCore\ypCore\class\user.php (74)]
[05:35:20] #CB44 :: (8) :: Notice :: Indirect modification of overloaded property __SETTING::$data has no effect [J:\home\localhost\www\ypCore\ypCore\class\setting.php (109)]
[05:36:47] #80F1 :: (8) :: Notice :: Indirect modification of overloaded property __SETTING::$data has no effect [J:\home\localhost\www\ypCore\ypCore\class\setting.php (109)]
[05:40:00] #2973 :: (8) :: Notice :: Undefined index: settings [J:\home\localhost\www\ypCore\ypCore\class\setting.php (89)]
[05:40:26] #3786 :: (8) :: Notice :: Undefined index: title [J:\home\localhost\www\ypCore\ypCore\class\link.php (66)]
[05:41:49] #434A :: (8) :: Notice :: Undefined index: title [J:\home\localhost\www\ypCore\ypCore\class\link.php (66)]
[05:42:04] #B615 :: (8) :: Notice :: Undefined index: target [J:\home\localhost\www\ypCore\ypCore\class\link.php (72)]
[05:42:14] #E054 :: (8) :: Notice :: Undefined index: class [J:\home\localhost\www\ypCore\ypCore\class\link.php (79)]
[05:42:27] #54B9 :: (8) :: Notice :: Undefined index: user_id [J:\home\localhost\www\ypCore\ypCore\class\user.php (115)]
[05:43:19] #6521 :: (8) :: Notice :: Undefined index: _yp_noscript [J:\home\localhost\www\ypCore\apps\controller\System\Header.php (46)]
[05:43:50] #AEA4 :: (8) :: Notice :: Undefined index: sub [J:\home\localhost\www\ypCore\apps\view\ypBootstrap\layout\Menu.php (4)]
[05:44:27] #B5F5 :: (8) :: Notice :: Undefined index: active [J:\home\localhost\www\ypCore\apps\view\ypBootstrap\layout\Menu.php (3)]
[05:45:09] #F487 :: (8) :: Notice :: Undefined variable: keywork [J:\home\localhost\www\ypCore\apps\view\ypBootstrap\layout\Header.php (17)]
[05:46:20] #DFE8 :: (8) :: Notice :: Undefined variable: meta [J:\home\localhost\www\ypCore\apps\view\ypBootstrap\layout\Header.php (19)]
[05:46:41] #7501 :: (8) :: Notice :: Undefined index: debug [J:\home\localhost\www\ypCore\ypCore\class\debug.php (10)]
[05:47:20] #879C :: (8) :: Notice :: Undefined index: debug [J:\home\localhost\www\ypCore\ypCore\class\debug.php (10)]
[05:47:59] #3492 :: (8) :: Notice :: Undefined index: explain_db_query [J:\home\localhost\www\ypCore\apps\controller\System\Footer.php (20)]
[05:49:14] #6403 :: (8) :: Notice :: Undefined variable: debug_db_info [J:\home\localhost\www\ypCore\apps\view\ypBootstrap\layout\Footer.php (21)]
[05:49:55] #54CB :: (8) :: Notice :: Undefined variable: google_analytics_code [J:\home\localhost\www\ypCore\apps\view\ypBootstrap\layout\Footer.php (41)]
[05:50:47] #D496 :: (8) :: Notice :: Undefined variable: userName_cookie [J:\home\localhost\www\ypCore\apps\controller\User\User.php (39)]
[05:51:29] #F0D4 :: (8) :: Notice :: Undefined index: is_comment_error [J:\home\localhost\www\ypCore\apps\controller\News\Comment.php (43)]
[05:52:02] #A39F :: (8) :: Notice :: Undefined index: comment_success [J:\home\localhost\www\ypCore\apps\controller\News\Comment.php (51)]
[05:52:18] #DBEA :: (8) :: Notice :: Undefined variable: error [J:\home\localhost\www\ypCore\apps\view\ypBootstrap\module\News\Comment_Block.php (5)]
[05:52:39] #0FF4 :: (8) :: Notice :: Undefined variable: success [J:\home\localhost\www\ypCore\apps\view\ypBootstrap\module\News\Comment_Block.php (6)]
[05:52:50] #DB31 :: (8) :: Notice :: Undefined variable: quick_edit [J:\home\localhost\www\ypCore\apps\view\ypBootstrap\module\News\View.php (65)]
[05:52:52] #9369 :: (8) :: Notice :: Undefined index: width [J:\home\localhost\www\ypCore\apps\controller\System\Captcha.php (4)]
[05:53:45] #13A1 :: (8) :: Notice :: Undefined index: width [J:\home\localhost\www\ypCore\apps\controller\System\Captcha.php (4)]
[05:53:51] #49C9 :: (8) :: Notice :: Undefined index: width [J:\home\localhost\www\ypCore\apps\controller\System\Captcha.php (4)]
[05:55:30] #456F :: (8) :: Notice :: Undefined index: r [J:\home\localhost\www\ypCore\ypCore\helper\captcha.php (7)]
[05:56:22] #6B6E :: (8) :: Notice :: Undefined index: id [J:\home\localhost\www\ypCore\apps\controller\News\Cat.php (8)]
[05:56:48] #3A9C :: (8) :: Notice :: Undefined index: view [J:\home\localhost\www\ypCore\apps\controller\News\Cat.php (14)]
[05:57:12] #A597 :: (8) :: Notice :: Undefined variable: posts [J:\home\localhost\www\ypCore\apps\controller\News\Cat.php (80)]
[05:57:24] #B96C :: (8) :: Notice :: Undefined offset: 1 [J:\home\localhost\www\ypCore\apps\view\ypBootstrap\module\News\Cat_Box.php (17)]
[05:57:38] #4023 :: (8) :: Notice :: Undefined offset: 1 [J:\home\localhost\www\ypCore\apps\view\ypBootstrap\module\News\Cat_Box.php (17)]
[05:58:16] #E462 :: (8) :: Notice :: Undefined offset: 1 [J:\home\localhost\www\ypCore\apps\view\ypBootstrap\module\News\Cat_Box.php (17)]
[05:58:19] #CF29 :: (8) :: Notice :: Undefined offset: 1 [J:\home\localhost\www\ypCore\apps\view\ypBootstrap\module\News\Cat_Box.php (17)]
[05:58:32] #7870 :: (8) :: Notice :: Undefined offset: 1 [J:\home\localhost\www\ypCore\apps\view\ypBootstrap\module\News\Cat_Box.php (17)]
[05:59:14] #0FC9 :: (8) :: Notice :: Undefined variable: posts [J:\home\localhost\www\ypCore\apps\view\ypBootstrap\module\News\Cat_Box.php (31)]
[05:59:40] #D7A5 :: (8) :: Notice :: Undefined offset: 1 [J:\home\localhost\www\ypCore\apps\view\ypBootstrap\module\News\Cat_Line.php (18)]
[06:00:29] #7776 :: (8) :: Notice :: Undefined index: 21232admin [J:\home\localhost\www\ypCore\ypCore\class\session.php (46)]
[06:01:35] #9B7A :: (8) :: Notice :: Undefined index: 212327ece924f090ce5admin [J:\home\localhost\www\ypCore\ypCore\class\cookie.php (23)]
[06:02:32] #5264 :: (8) :: Notice :: Undefined index: is_redirect [J:\home\localhost\www\ypCore\apps\admin\controller\Login\Index.php (14)]
[06:03:13] #4457 :: (8) :: Notice :: Undefined index: setCompression [J:\home\localhost\www\ypCore\ypCore\class\setting.php (13)]
[06:04:05] #9B84 :: (8) :: Notice :: Undefined variable: css_addon [J:\home\localhost\www\ypCore\apps\admin\view\simple\layout\Header.php (12)]
[06:05:32] #E91C :: (8) :: Notice :: Undefined variable: javascript_addon [J:\home\localhost\www\ypCore\apps\admin\view\simple\layout\Header.php (22)]
[06:05:57] #9EDA :: (8) :: Notice :: Undefined variable: description [J:\home\localhost\www\ypCore\apps\admin\view\simple\layout\Header.php (33)]
[06:09:11] #B0CF :: (8) :: Notice :: Undefined variable: description [J:\home\localhost\www\ypCore\apps\admin\view\simple\layout\Header.php (33)]
[06:09:48] #E37F :: (8) :: Notice :: Undefined variable: keywork [J:\home\localhost\www\ypCore\apps\admin\view\simple\layout\Header.php (34)]
[06:10:08] #0DF2 :: (8) :: Notice :: Undefined variable: google_analytics_code [J:\home\localhost\www\ypCore\apps\admin\view\simple\layout\Header.php (38)]
[06:10:37] #8775 :: (8) :: Notice :: Undefined variable: tstatic_url [J:\home\localhost\www\ypCore\apps\admin\view\simple\layout\Header.php (61)]
[06:11:13] #9B90 :: (8) :: Notice :: Undefined variable: error [J:\home\localhost\www\ypCore\apps\admin\view\simple\module\Login\Form.php (9)]
[06:12:14] #2B4E :: (8) :: Notice :: Undefined variable: password [J:\home\localhost\www\ypCore\apps\admin\view\simple\module\Login\Form.php (20)]
[06:12:59] #746A :: (8) :: Notice :: Undefined index: username [J:\home\localhost\www\ypCore\apps\admin\controller\Login\Progress.php (15)]
[06:13:29] #9B45 :: (8) :: Notice :: Undefined variable: form_action [J:\home\localhost\www\ypCore\apps\admin\view\simple\module\Login\Form.php (11)]
[06:15:13] #EF2B :: (8) :: Notice :: Undefined variable: relogin [J:\home\localhost\www\ypCore\apps\admin\view\simple\module\Login\Form.php (16)]
[06:16:02] #FDB2 :: (8) :: Notice :: Undefined index: submit [J:\home\localhost\www\ypCore\apps\admin\controller\Setting\Site.php (10)]
[06:22:33] #18BB :: (8) :: Notice :: Undefined index: submit [J:\home\localhost\www\ypCore\apps\admin\controller\Setting\UrlAndHtml.php (10)]
[06:23:03] #F745 :: (8) :: Notice :: Undefined index: submit [J:\home\localhost\www\ypCore\apps\admin\controller\Setting\Server.php (9)]
[06:23:22] #5096 :: (8) :: Notice :: Undefined index: site_title [J:\home\localhost\www\ypCore\apps\admin\controller\Setting\Server.php (10)]
[06:23:51] #9BF8 :: (8) :: Notice :: Undefined index: text_success [J:\home\localhost\www\ypCore\apps\admin\controller\Setting\Template.php (21)]
[06:25:07] #B7F8 :: (8) :: Notice :: Undefined index: module [J:\home\localhost\www\ypCore\ypCore\class\request.php (112)]
[06:26:49] #D520 :: (8) :: Notice :: Undefined index: module [J:\home\localhost\www\ypCore\ypCore\class\request.php (112)]
[06:27:01] #AC49 :: (8) :: Notice :: Undefined index: module [J:\home\localhost\www\ypCore\ypCore\class\request.php (112)]
[06:27:18] #0A37 :: (8) :: Notice :: Undefined index: module [J:\home\localhost\www\ypCore\ypCore\class\request.php (112)]
[06:28:09] #B4F0 :: (1024) :: Notice :: Error: Module <b></b> not exists! [J:\home\localhost\www\ypCore\apps\admin\controller\Setting\Template.php (66)]
[06:28:54] #2D6A :: (1024) :: Notice :: Error: Module <b></b> not exists! [J:\home\localhost\www\ypCore\apps\admin\controller\Setting\Template.php (69)]
[06:29:17] #5844 :: (8) :: Notice :: Undefined index: start_post [J:\home\localhost\www\ypCore\apps\admin\controller\Module\News\Listpost.php (8)]
[06:29:41] #78C3 :: (8) :: Notice :: Undefined index: id [J:\home\localhost\www\ypCore\apps\admin\view\simple\module\Module\News\Listpost.php (37)]
[06:31:19] #8DB5 :: (8) :: Notice :: Undefined index: alias [J:\home\localhost\www\ypCore\apps\controller\News\Comment.php (42)]
[06:32:38] #E702 :: (8) :: Notice :: Undefined variable: noscript [J:\home\localhost\www\ypCore\apps\view\ypBootstrap\layout\Header.php (4)]
[06:33:39] #E77D :: (8) :: Notice :: Undefined variable: is_debug [J:\home\localhost\www\ypCore\apps\view\ypBootstrap\layout\Footer.php (10)]
[06:34:11] #6C60 :: (8) :: Notice :: Undefined variable: debug_db_info [J:\home\localhost\www\ypCore\apps\view\ypBootstrap\layout\Footer.php (21)]
[06:35:06] #F7A1 :: (8) :: Notice :: Undefined index: redirect_to [J:\home\localhost\www\ypCore\apps\admin\controller\Login\Index.php (13)]
[06:35:37] #F404 :: Error 404 :: /ypCore/index.php?code=Admin/Tools/Filemanager - IP :: 0.0.0.0 - UserAgent :: [Mozilla/5.0 (Windows; U; Windows NT 5.1; en-US) AppleWebKit/534.13 (KHTML, like Gecko) Chrome/9.0.592.0 Safari/534.13]
[06:54:11] #F404 :: Error 404 :: /ypCore/index.php?code=Admin/Admin/Permission - IP :: 0.0.0.0 - UserAgent :: [Mozilla/5.0 (Windows; U; Windows NT 5.1; en-US) AppleWebKit/534.13 (KHTML, like Gecko) Chrome/9.0.592.0 Safari/534.13]
[07:11:30] #F404 :: Error 404 :: /ypCore/index.php?code=User/IsLogin/ - IP :: 0.0.0.0 - UserAgent :: [Mozilla/5.0 (Windows; U; Windows NT 5.1; en-US) AppleWebKit/534.13 (KHTML, like Gecko) Chrome/9.0.592.0 Safari/534.13]
[07:16:26] #F58F :: (4096) :: Unknown :: Object of class Controller_User_User could not be converted to string [J:\home\localhost\www\ypCore\apps\controller\User\User.php (14)]
