[11:57:53] #F404 :: Error 404 :: /ypCore/index.php?code=/ypCore/index.php?code=News/View&alias=Test-chuc-nang-tag-image-reload/& - IP :: 0.0.0.0 - UserAgent :: [Mozilla/5.0 (Windows; U; Windows NT 5.1; en-US) AppleWebKit/534.13 (KHTML, like Gecko) Chrome/9.0.592.0 Safari/534.13]
[11:57:58] #F404 :: Error 404 :: /ypCore/index.php?code=/ypCore/index.php?code=News/View&alias=Chinh-thuc-ra-mat-ban-Open-Beta-ypCore-v1-1/& - IP :: 0.0.0.0 - UserAgent :: [Mozilla/5.0 (Windows; U; Windows NT 5.1; en-US) AppleWebKit/534.13 (KHTML, like Gecko) Chrome/9.0.592.0 Safari/534.13]
[12:00:07] #F404 :: Error 404 :: /ypCore/index.php?code=/ypCore/index.php?code=News/View&alias=Chinh-thuc-ra-mat-ban-Open-Beta-ypCore-v1-1/& - IP :: 0.0.0.0 - UserAgent :: [Mozilla/5.0 (Windows; U; Windows NT 5.1; en-US) AppleWebKit/534.13 (KHTML, like Gecko) Chrome/9.0.592.0 Safari/534.13]
[12:37:10] #353F :: (2) :: Warning :: preg_replace() expects at least 3 parameters, 2 given [J:\home\localhost\www\ypCore\apps\model\News\View.php (43)]
[12:52:59] #85F3 :: (1024) :: Notice :: Error: Post ID error! [J:\home\localhost\www\ypCore\apps\controller\News\Comment.php (65)]
[03:03:39] #F8E4 :: (2) :: Warning :: explode() expects at least 2 parameters, 1 given [J:\home\localhost\www\ypCore\apps\controller\News\Cat.php (12)]
[04:56:36] #E87F :: (2) :: Warning :: array_merge() [<a href='function.array-merge'>function.array-merge</a>]: Argument #1 is not an array [J:\home\localhost\www\ypCore\apps\model\News\Cat.php (77)]
[04:57:28] #3057 :: (2) :: Warning :: array_merge() [<a href='function.array-merge'>function.array-merge</a>]: Argument #1 is not an array [J:\home\localhost\www\ypCore\apps\model\News\Cat.php (78)]
[04:58:32] #DBA6 :: (2) :: Warning :: array_merge() [<a href='function.array-merge'>function.array-merge</a>]: Argument #1 is not an array [J:\home\localhost\www\ypCore\apps\model\News\Cat.php (78)]
[06:15:26] #F987 :: (2) :: Warning :: Invalid argument supplied for foreach() [J:\home\localhost\www\ypCore\apps\controller\News\Cat.php (63)]
[06:17:15] #AE11 :: (2) :: Warning :: Invalid argument supplied for foreach() [J:\home\localhost\www\ypCore\apps\controller\News\Cat.php (63)]
[06:17:35] #ED17 :: (2) :: Warning :: Invalid argument supplied for foreach() [J:\home\localhost\www\ypCore\apps\controller\News\Cat.php (63)]
[06:17:55] #2FD0 :: (2) :: Warning :: Invalid argument supplied for foreach() [J:\home\localhost\www\ypCore\apps\controller\News\Cat.php (63)]
[06:18:20] #B3B6 :: (2) :: Warning :: Invalid argument supplied for foreach() [J:\home\localhost\www\ypCore\apps\controller\News\Cat.php (63)]
[06:19:02] #170F :: (2) :: Warning :: Invalid argument supplied for foreach() [J:\home\localhost\www\ypCore\apps\tmp\cachetemplate.ypBootstrap-module-News-Cat_Line.1376697701.php (7)]
[06:20:50] #FF9E :: (2) :: Warning :: Invalid argument supplied for foreach() [J:\home\localhost\www\ypCore\apps\tmp\cachetemplate.ypBootstrap-module-News-Cat_Line.1376697701.php (7)]
[06:21:02] #B607 :: (2) :: Warning :: Invalid argument supplied for foreach() [J:\home\localhost\www\ypCore\apps\tmp\cachetemplate.ypBootstrap-module-News-Cat_Line.1376698061.php (7)]
[06:21:14] #7E85 :: (2) :: Warning :: Invalid argument supplied for foreach() [J:\home\localhost\www\ypCore\apps\tmp\cachetemplate.ypBootstrap-module-News-Cat_Line.1376698061.php (7)]
[06:21:23] #7983 :: (2) :: Warning :: Invalid argument supplied for foreach() [J:\home\localhost\www\ypCore\apps\tmp\cachetemplate.ypBootstrap-module-News-Cat_Line.1376698082.php (7)]
[06:21:33] #9ADC :: (2) :: Warning :: Invalid argument supplied for foreach() [J:\home\localhost\www\ypCore\apps\view\ypBootstrap\module\News\Cat_Line.php (44)]
[06:22:27] #C985 :: (2) :: Warning :: Invalid argument supplied for foreach() [J:\home\localhost\www\ypCore\apps\view\ypBootstrap\module\News\Cat_Line.php (44)]
[06:25:17] #49F4 :: (2) :: Warning :: Invalid argument supplied for foreach() [J:\home\localhost\www\ypCore\apps\view\ypBootstrap\module\News\Cat_Line.php (44)]
[06:39:14] #1D3B :: (2) :: Warning :: Invalid argument supplied for foreach() [J:\home\localhost\www\ypCore\apps\view\ypBootstrap\module\News\Cat_Line.php (44)]
[06:39:52] #0CD2 :: (2) :: Warning :: Invalid argument supplied for foreach() [J:\home\localhost\www\ypCore\apps\view\ypBootstrap\module\News\Cat_Line.php (44)]
[06:40:18] #4130 :: (2) :: Warning :: Invalid argument supplied for foreach() [J:\home\localhost\www\ypCore\apps\view\ypBootstrap\module\News\Cat_Line.php (44)]
[07:18:21] #4C65 :: (2) :: Warning :: Invalid argument supplied for foreach() [J:\home\localhost\www\ypCore\apps\controller\News\Cat.php (82)]
[07:19:21] #ED3F :: (2) :: Warning :: Invalid argument supplied for foreach() [J:\home\localhost\www\ypCore\apps\controller\News\Cat.php (82)]
[07:34:10] #3F89 :: (2) :: Warning :: preg_replace() [<a href='function.preg-replace'>function.preg-replace</a>]: Compilation failed: range out of order in character class at offset 13 [J:\home\localhost\www\ypCore\ypCore\class\cache.php (7)]
[07:34:33] #F6AA :: (2) :: Warning :: preg_replace() [<a href='function.preg-replace'>function.preg-replace</a>]: Compilation failed: range out of order in character class at offset 13 [J:\home\localhost\www\ypCore\ypCore\class\cache.php (7)]
[07:34:38] #F862 :: (2) :: Warning :: preg_replace() [<a href='function.preg-replace'>function.preg-replace</a>]: Compilation failed: range out of order in character class at offset 13 [J:\home\localhost\www\ypCore\ypCore\class\cache.php (57)]
[07:39:12] #44C0 :: (2) :: Warning :: preg_replace() [<a href='function.preg-replace'>function.preg-replace</a>]: Compilation failed: range out of order in character class at offset 13 [J:\home\localhost\www\ypCore\ypCore\class\cache.php (7)]
[07:39:19] #66CB :: (2) :: Warning :: preg_replace() [<a href='function.preg-replace'>function.preg-replace</a>]: Compilation failed: range out of order in character class at offset 13 [J:\home\localhost\www\ypCore\ypCore\class\cache.php (90)]
[07:39:39] #50D9 :: (2) :: Warning :: str_replace() expects at least 3 parameters, 2 given [J:\home\localhost\www\ypCore\ypCore\class\cache.php (88)]
[08:02:23] #79A1 :: (1024) :: Notice :: Error: Could not load template J:\home\localhost\www\ypCore/apps/view//default/module/News/Cat_.php! <br />Template J:\home\localhost\www\ypCore/apps/view//ypBootstrap/module/News/Cat_.php too! [J:\home\localhost\www\ypCore\ypCore\engine\controller.php (108)]
[08:03:01] #1F67 :: (2) :: Warning :: Invalid argument supplied for foreach() [J:\home\localhost\www\ypCore\apps\view\ypBootstrap\module\News\Cat_Line.php (46)]
[09:25:27] #8DED :: (2) :: Warning :: Invalid argument supplied for foreach() [J:\home\localhost\www\ypCore\apps\view\ypBootstrap\module\News\Cat_Box.php (12)]
[11:41:01] #1395 :: (1024) :: Notice :: Error: Could not load template J:\home\localhost\www\ypCore/apps/view//default/News/Rss.php! <br />Template J:\home\localhost\www\ypCore/apps/view//ypBootstrap/News/Rss.php too! [J:\home\localhost\www\ypCore\ypCore\engine\controller.php (108)]
